<?xml version="1.0" encoding="UTF-8"?>
<!-- Generated by org.testng.reporters.JUnitReportReporter -->
<testsuite hostname="DESKTOP-R5BV936" failures="0" tests="4" name="api.testcase.UserTest2" time="11.219" errors="0" timestamp="2024-07-26T16:45:53 IST" skipped="0">
  <testcase classname="api.testcase.UserTest2" name="testCreateUser" time="6.433"/>
  <system-out/>
  <testcase classname="api.testcase.UserTest2" name="testGetUser" time="1.202"/>
  <system-out/>
  <testcase classname="api.testcase.UserTest2" name="testUpdateUser" time="2.380"/>
  <system-out/>
  <testcase classname="api.testcase.UserTest2" name="testdeleteUser" time="1.204"/>
  <system-out/>
</testsuite> <!-- api.testcase.UserTest2 -->
