<?xml version="1.0" encoding="UTF-8"?>
<!-- Generated by org.testng.reporters.JUnitReportReporter -->
<testsuite hostname="DESKTOP-R5BV936" failures="0" tests="12" name="api.testcase.UserTestDD" time="14.325" errors="0" timestamp="2024-07-26T12:30:29 IST" skipped="0">
  <testcase classname="api.testcase.UserTestDD" name="testCreateUser" time="1.249"/>
  <system-out/>
  <testcase classname="api.testcase.UserTestDD" name="testCreateUser" time="1.253"/>
  <system-out/>
  <testcase classname="api.testcase.UserTestDD" name="testCreateUser" time="1.170"/>
  <system-out/>
  <testcase classname="api.testcase.UserTestDD" name="testCreateUser" time="1.201"/>
  <system-out/>
  <testcase classname="api.testcase.UserTestDD" name="testGetUser" time="1.131"/>
  <system-out/>
  <testcase classname="api.testcase.UserTestDD" name="testGetUser" time="1.178"/>
  <system-out/>
  <testcase classname="api.testcase.UserTestDD" name="testGetUser" time="1.233"/>
  <system-out/>
  <testcase classname="api.testcase.UserTestDD" name="testGetUser" time="1.182"/>
  <system-out/>
  <testcase classname="api.testcase.UserTestDD" name="testDeleteUser" time="1.162"/>
  <system-out/>
  <testcase classname="api.testcase.UserTestDD" name="testDeleteUser" time="1.232"/>
  <system-out/>
  <testcase classname="api.testcase.UserTestDD" name="testDeleteUser" time="1.184"/>
  <system-out/>
  <testcase classname="api.testcase.UserTestDD" name="testDeleteUser" time="1.150"/>
  <system-out/>
</testsuite> <!-- api.testcase.UserTestDD -->
