<?xml version="1.0" encoding="UTF-8"?>
<!-- Generated by org.testng.reporters.JUnitReportReporter -->
<testsuite hostname="DESKTOP-R5BV936" failures="0" tests="4" name="api.testcase.UserTest" time="8.969" errors="0" timestamp="2024-07-27T07:58:37 IST" skipped="0">
  <testcase classname="api.testcase.UserTest" name="testCreateUser" time="4.148"/>
  <system-out/>
  <testcase classname="api.testcase.UserTest" name="testGetUser" time="1.245"/>
  <system-out/>
  <testcase classname="api.testcase.UserTest" name="testUpdateUser" time="2.385"/>
  <system-out/>
  <testcase classname="api.testcase.UserTest" name="testdeleteUser" time="1.191"/>
  <system-out/>
</testsuite> <!-- api.testcase.UserTest -->
