<?xml version="1.0" encoding="UTF-8"?>
<!-- Generated by org.testng.reporters.JUnitReportReporter -->
<testsuite hostname="DESKTOP-R5BV936" failures="0" tests="4" name="api.testcase.UserTest" time="10.103" errors="0" timestamp="2024-07-28T06:59:13 IST" skipped="0">
  <testcase classname="api.testcase.UserTest" name="testCreateUser" time="5.234"/>
  <system-out/>
  <testcase classname="api.testcase.UserTest" name="testGetUser" time="1.289"/>
  <system-out/>
  <testcase classname="api.testcase.UserTest" name="testUpdateUser" time="2.391"/>
  <system-out/>
  <testcase classname="api.testcase.UserTest" name="testdeleteUser" time="1.189"/>
  <system-out/>
</testsuite> <!-- api.testcase.UserTest -->
