<?xml version="1.0" encoding="UTF-8"?>
<!-- Generated by org.testng.reporters.JUnitReportReporter -->
<testsuite hostname="DESKTOP-R5BV936" failures="0" tests="4" name="api.testcase.UserTest" time="12.797" errors="0" timestamp="2024-07-27T08:58:56 IST" skipped="0">
  <testcase classname="api.testcase.UserTest" name="testCreateUser" time="8.054"/>
  <system-out/>
  <testcase classname="api.testcase.UserTest" name="testGetUser" time="1.329"/>
  <system-out/>
  <testcase classname="api.testcase.UserTest" name="testUpdateUser" time="2.283"/>
  <system-out/>
  <testcase classname="api.testcase.UserTest" name="testdeleteUser" time="1.131"/>
  <system-out/>
</testsuite> <!-- api.testcase.UserTest -->
